22:59:16,503 DEBUG InternalLoggerFactory:47 - Using Log4J as the default logging framework
22:59:16,511 DEBUG ResourceLeakDetector:129 - -Dio.netty.leakDetection.level: simple
22:59:16,511 DEBUG ResourceLeakDetector:130 - -Dio.netty.leakDetection.targetRecords: 4
22:59:16,536 DEBUG PlatformDependent:987 - Platform: Windows
22:59:16,540 DEBUG PlatformDependent0:396 - -Dio.netty.noUnsafe: false
22:59:16,540 DEBUG PlatformDependent0:852 - Java version: 8
22:59:16,560 DEBUG PlatformDependent0:121 - sun.misc.Unsafe.theUnsafe: available
22:59:16,561 DEBUG PlatformDependent0:145 - sun.misc.Unsafe.copyMemory: available
22:59:16,561 DEBUG PlatformDependent0:183 - java.nio.Buffer.address: available
22:59:16,562 DEBUG PlatformDependent0:244 - direct buffer constructor: available
22:59:16,563 DEBUG PlatformDependent0:314 - java.nio.Bits.unaligned: available, true
22:59:16,563 DEBUG PlatformDependent0:379 - jdk.internal.misc.Unsafe.allocateUninitializedArray(int): unavailable prior to Java9
22:59:16,563 DEBUG PlatformDependent0:386 - java.nio.DirectByteBuffer.<init>(long, int): available
22:59:16,563 DEBUG PlatformDependent:1030 - sun.misc.Unsafe: available
22:59:16,572 DEBUG PlatformDependent:1149 - -Dio.netty.tmpdir: C:\Users\schandan\AppData\Local\Temp (java.io.tmpdir)
22:59:16,573 DEBUG PlatformDependent:1228 - -Dio.netty.bitMode: 64 (sun.arch.data.model)
22:59:16,576 DEBUG PlatformDependent:174 - -Dio.netty.maxDirectMemory: 922746880 bytes
22:59:16,576 DEBUG PlatformDependent:181 - -Dio.netty.uninitializedArrayAllocationThreshold: -1
22:59:16,577 DEBUG CleanerJava6:92 - java.nio.ByteBuffer.cleaner(): available
22:59:16,578 DEBUG PlatformDependent:201 - -Dio.netty.noPreferDirect: false
22:59:16,578 DEBUG ResourceLeakDetectorFactory:195 - Loaded default ResourceLeakDetector: io.netty.util.ResourceLeakDetector@5aa9e4eb
22:59:16,607 DEBUG PlatformDependent:891 - org.jctools-core.MpscChunkedArrayQueue: available
22:59:16,929 DEBUG JdkSslContext:96 - Default protocols (JDK): [TLSv1.2, TLSv1.1, TLSv1] 
22:59:16,929 DEBUG JdkSslContext:97 - Default cipher suites (JDK): [TLS_ECDHE_ECDSA_WITH_AES_256_GCM_SHA384, TLS_ECDHE_ECDSA_WITH_AES_128_GCM_SHA256, TLS_ECDHE_RSA_WITH_AES_128_GCM_SHA256, TLS_ECDHE_RSA_WITH_AES_256_GCM_SHA384, TLS_ECDHE_RSA_WITH_AES_128_CBC_SHA, TLS_ECDHE_RSA_WITH_AES_256_CBC_SHA, TLS_RSA_WITH_AES_128_GCM_SHA256, TLS_RSA_WITH_AES_128_CBC_SHA, TLS_RSA_WITH_AES_256_CBC_SHA]
22:59:16,956 DEBUG InternalThreadLocalMap:54 - -Dio.netty.threadLocalMap.stringBuilder.initialSize: 1024
22:59:16,956 DEBUG InternalThreadLocalMap:57 - -Dio.netty.threadLocalMap.stringBuilder.maxSize: 4096
22:59:16,964 DEBUG MultithreadEventLoopGroup:44 - -Dio.netty.eventLoopThreads: 8
22:59:16,976 DEBUG NioEventLoop:106 - -Dio.netty.noKeySetOptimization: false
22:59:16,977 DEBUG NioEventLoop:107 - -Dio.netty.selectorAutoRebuildThreshold: 512
22:59:17,041 DEBUG PooledByteBufAllocator:142 - -Dio.netty.allocator.numHeapArenas: 8
22:59:17,042 DEBUG PooledByteBufAllocator:143 - -Dio.netty.allocator.numDirectArenas: 8
22:59:17,042 DEBUG PooledByteBufAllocator:145 - -Dio.netty.allocator.pageSize: 8192
22:59:17,042 DEBUG PooledByteBufAllocator:150 - -Dio.netty.allocator.maxOrder: 11
22:59:17,042 DEBUG PooledByteBufAllocator:154 - -Dio.netty.allocator.chunkSize: 16777216
22:59:17,042 DEBUG PooledByteBufAllocator:155 - -Dio.netty.allocator.tinyCacheSize: 512
22:59:17,043 DEBUG PooledByteBufAllocator:156 - -Dio.netty.allocator.smallCacheSize: 256
22:59:17,043 DEBUG PooledByteBufAllocator:157 - -Dio.netty.allocator.normalCacheSize: 64
22:59:17,043 DEBUG PooledByteBufAllocator:158 - -Dio.netty.allocator.maxCachedBufferCapacity: 32768
22:59:17,043 DEBUG PooledByteBufAllocator:159 - -Dio.netty.allocator.cacheTrimInterval: 8192
22:59:17,044 DEBUG PooledByteBufAllocator:160 - -Dio.netty.allocator.cacheTrimIntervalMillis: 0
22:59:17,044 DEBUG PooledByteBufAllocator:161 - -Dio.netty.allocator.useCacheForAllThreads: true
22:59:17,044 DEBUG PooledByteBufAllocator:162 - -Dio.netty.allocator.maxCachedByteBuffersPerChunk: 1023
22:59:17,066 DEBUG ByteBufUtil:85 - -Dio.netty.allocator.type: pooled
22:59:17,066 DEBUG ByteBufUtil:94 - -Dio.netty.threadLocalDirectBufferSize: 0
22:59:17,066 DEBUG ByteBufUtil:97 - -Dio.netty.maxThreadLocalCharBufferSize: 16384
22:59:18,714 DEBUG DefaultChannelId:79 - -Dio.netty.processId: 9200 (auto-detected)
22:59:18,717 DEBUG NetUtil:139 - -Djava.net.preferIPv4Stack: false
22:59:18,717 DEBUG NetUtil:140 - -Djava.net.preferIPv6Addresses: false
22:59:18,742 DEBUG NetUtil:224 - Loopback interface: lo (Software Loopback Interface 1, 127.0.0.1)
22:59:18,743 DEBUG NetUtil:289 - Failed to get SOMAXCONN from sysctl and file \proc\sys\net\core\somaxconn. Default: 200
22:59:18,768 DEBUG DefaultChannelId:101 - -Dio.netty.machineId: 00:e0:4c:ff:fe:13:61:19 (auto-detected)
22:59:18,832 DEBUG AbstractByteBuf:62 - -Dio.netty.buffer.checkAccessible: true
22:59:18,832 DEBUG AbstractByteBuf:63 - -Dio.netty.buffer.checkBounds: true
22:59:18,832 DEBUG ResourceLeakDetectorFactory:195 - Loaded default ResourceLeakDetector: io.netty.util.ResourceLeakDetector@4f48f62a
22:59:18,894 DEBUG Recycler:96 - -Dio.netty.recycler.maxCapacityPerThread: 4096
22:59:18,895 DEBUG Recycler:97 - -Dio.netty.recycler.maxSharedCapacityFactor: 2
22:59:18,895 DEBUG Recycler:98 - -Dio.netty.recycler.linkCapacity: 16
22:59:18,895 DEBUG Recycler:99 - -Dio.netty.recycler.ratio: 8
22:59:21,128 DEBUG ThreadLocalRandom:212 - -Dio.netty.initialSeedUniquifier: 0x21feb30fa96adb06
22:59:27,692  INFO devpinoyLogger:20 - username Entered
22:59:27,873  INFO devpinoyLogger:26 - password Entered
22:59:33,483  INFO devpinoyLogger:32 - login button clicked
22:59:37,623 DEBUG cache:45 - Couldn't find template in cache for "v3html/v3-html-index.ftl"("en", UTF-8, parsed); will try to load it.
22:59:37,624 DEBUG cache:45 - TemplateLoader.findTemplateSource("v3html/v3-html-index_en.ftl"): Not found
22:59:37,626 DEBUG cache:45 - TemplateLoader.findTemplateSource("v3html/v3-html-index.ftl"): Found
22:59:37,626 DEBUG cache:45 - Loading template for "v3html/v3-html-index.ftl"("en", UTF-8, parsed) from "jar:file:/C:/Users/schandan/.m2/repository/com/aventstack/extentreports/4.0.9/extentreports-4.0.9.jar!/com/aventstack/extentreports/view/v3html/v3-html-index.ftl"
22:59:37,988 DEBUG cache:45 - Couldn't find template in cache for "v3html/v3-html-head.ftl"("en", UTF-8, parsed); will try to load it.
22:59:37,988 DEBUG cache:45 - TemplateLoader.findTemplateSource("v3html/v3-html-head_en.ftl"): Not found
22:59:37,989 DEBUG cache:45 - TemplateLoader.findTemplateSource("v3html/v3-html-head.ftl"): Found
22:59:37,989 DEBUG cache:45 - Loading template for "v3html/v3-html-head.ftl"("en", UTF-8, parsed) from "jar:file:/C:/Users/schandan/.m2/repository/com/aventstack/extentreports/4.0.9/extentreports-4.0.9.jar!/com/aventstack/extentreports/view/v3html/v3-html-head.ftl"
22:59:37,994 DEBUG cache:45 - Couldn't find template in cache for "v3html/v3-html-nav.ftl"("en", UTF-8, parsed); will try to load it.
22:59:37,995 DEBUG cache:45 - TemplateLoader.findTemplateSource("v3html/v3-html-nav_en.ftl"): Not found
22:59:37,995 DEBUG cache:45 - TemplateLoader.findTemplateSource("v3html/v3-html-nav.ftl"): Found
22:59:37,995 DEBUG cache:45 - Loading template for "v3html/v3-html-nav.ftl"("en", UTF-8, parsed) from "jar:file:/C:/Users/schandan/.m2/repository/com/aventstack/extentreports/4.0.9/extentreports-4.0.9.jar!/com/aventstack/extentreports/view/v3html/v3-html-nav.ftl"
22:59:38,004 DEBUG cache:45 - Couldn't find template in cache for "v3html/test-view/v3-html-test-view.ftl"("en", UTF-8, parsed); will try to load it.
22:59:38,004 DEBUG cache:45 - TemplateLoader.findTemplateSource("v3html/test-view/v3-html-test-view_en.ftl"): Not found
22:59:38,004 DEBUG cache:45 - TemplateLoader.findTemplateSource("v3html/test-view/v3-html-test-view.ftl"): Found
22:59:38,005 DEBUG cache:45 - Loading template for "v3html/test-view/v3-html-test-view.ftl"("en", UTF-8, parsed) from "jar:file:/C:/Users/schandan/.m2/repository/com/aventstack/extentreports/4.0.9/extentreports-4.0.9.jar!/com/aventstack/extentreports/view/v3html/test-view/v3-html-test-view.ftl"
22:59:38,019 DEBUG cache:45 - Couldn't find template in cache for "v3html/test-view/v3-html-test-view-charts.ftl"("en", UTF-8, parsed); will try to load it.
22:59:38,020 DEBUG cache:45 - TemplateLoader.findTemplateSource("v3html/test-view/v3-html-test-view-charts_en.ftl"): Not found
22:59:38,020 DEBUG cache:45 - TemplateLoader.findTemplateSource("v3html/test-view/v3-html-test-view-charts.ftl"): Found
22:59:38,020 DEBUG cache:45 - Loading template for "v3html/test-view/v3-html-test-view-charts.ftl"("en", UTF-8, parsed) from "jar:file:/C:/Users/schandan/.m2/repository/com/aventstack/extentreports/4.0.9/extentreports-4.0.9.jar!/com/aventstack/extentreports/view/v3html/test-view/v3-html-test-view-charts.ftl"
22:59:38,036 DEBUG cache:45 - Couldn't find template in cache for "v3html/test-view/v3-html-standard.ftl"("en", UTF-8, parsed); will try to load it.
22:59:38,036 DEBUG cache:45 - TemplateLoader.findTemplateSource("v3html/test-view/v3-html-standard_en.ftl"): Not found
22:59:38,037 DEBUG cache:45 - TemplateLoader.findTemplateSource("v3html/test-view/v3-html-standard.ftl"): Found
22:59:38,037 DEBUG cache:45 - Loading template for "v3html/test-view/v3-html-standard.ftl"("en", UTF-8, parsed) from "jar:file:/C:/Users/schandan/.m2/repository/com/aventstack/extentreports/4.0.9/extentreports-4.0.9.jar!/com/aventstack/extentreports/view/v3html/test-view/v3-html-standard.ftl"
22:59:38,057 DEBUG cache:45 - Couldn't find template in cache for "v3html/category-view/v3-html-category-view.ftl"("en", UTF-8, parsed); will try to load it.
22:59:38,058 DEBUG cache:45 - TemplateLoader.findTemplateSource("v3html/category-view/v3-html-category-view_en.ftl"): Not found
22:59:38,058 DEBUG cache:45 - TemplateLoader.findTemplateSource("v3html/category-view/v3-html-category-view.ftl"): Found
22:59:38,059 DEBUG cache:45 - Loading template for "v3html/category-view/v3-html-category-view.ftl"("en", UTF-8, parsed) from "jar:file:/C:/Users/schandan/.m2/repository/com/aventstack/extentreports/4.0.9/extentreports-4.0.9.jar!/com/aventstack/extentreports/view/v3html/category-view/v3-html-category-view.ftl"
22:59:38,065 DEBUG cache:45 - Couldn't find template in cache for "v3html/exception-view/v3-html-exception-view.ftl"("en", UTF-8, parsed); will try to load it.
22:59:38,066 DEBUG cache:45 - TemplateLoader.findTemplateSource("v3html/exception-view/v3-html-exception-view_en.ftl"): Not found
22:59:38,067 DEBUG cache:45 - TemplateLoader.findTemplateSource("v3html/exception-view/v3-html-exception-view.ftl"): Found
22:59:38,067 DEBUG cache:45 - Loading template for "v3html/exception-view/v3-html-exception-view.ftl"("en", UTF-8, parsed) from "jar:file:/C:/Users/schandan/.m2/repository/com/aventstack/extentreports/4.0.9/extentreports-4.0.9.jar!/com/aventstack/extentreports/view/v3html/exception-view/v3-html-exception-view.ftl"
22:59:38,072 DEBUG cache:45 - Couldn't find template in cache for "v3html/author-view/v3-html-author-view.ftl"("en", UTF-8, parsed); will try to load it.
22:59:38,073 DEBUG cache:45 - TemplateLoader.findTemplateSource("v3html/author-view/v3-html-author-view_en.ftl"): Not found
22:59:38,073 DEBUG cache:45 - TemplateLoader.findTemplateSource("v3html/author-view/v3-html-author-view.ftl"): Found
22:59:38,074 DEBUG cache:45 - Loading template for "v3html/author-view/v3-html-author-view.ftl"("en", UTF-8, parsed) from "jar:file:/C:/Users/schandan/.m2/repository/com/aventstack/extentreports/4.0.9/extentreports-4.0.9.jar!/com/aventstack/extentreports/view/v3html/author-view/v3-html-author-view.ftl"
22:59:38,079 DEBUG cache:45 - Couldn't find template in cache for "v3html/dashboard-view/v3-html-dashboard-view.ftl"("en", UTF-8, parsed); will try to load it.
22:59:38,080 DEBUG cache:45 - TemplateLoader.findTemplateSource("v3html/dashboard-view/v3-html-dashboard-view_en.ftl"): Not found
22:59:38,080 DEBUG cache:45 - TemplateLoader.findTemplateSource("v3html/dashboard-view/v3-html-dashboard-view.ftl"): Found
22:59:38,081 DEBUG cache:45 - Loading template for "v3html/dashboard-view/v3-html-dashboard-view.ftl"("en", UTF-8, parsed) from "jar:file:/C:/Users/schandan/.m2/repository/com/aventstack/extentreports/4.0.9/extentreports-4.0.9.jar!/com/aventstack/extentreports/view/v3html/dashboard-view/v3-html-dashboard-view.ftl"
22:59:38,092 DEBUG cache:45 - Couldn't find template in cache for "v3html/logs-view/v3-html-testrunner-logs-view.ftl"("en", UTF-8, parsed); will try to load it.
22:59:38,093 DEBUG cache:45 - TemplateLoader.findTemplateSource("v3html/logs-view/v3-html-testrunner-logs-view_en.ftl"): Not found
22:59:38,094 DEBUG cache:45 - TemplateLoader.findTemplateSource("v3html/logs-view/v3-html-testrunner-logs-view.ftl"): Found
22:59:38,094 DEBUG cache:45 - Loading template for "v3html/logs-view/v3-html-testrunner-logs-view.ftl"("en", UTF-8, parsed) from "jar:file:/C:/Users/schandan/.m2/repository/com/aventstack/extentreports/4.0.9/extentreports-4.0.9.jar!/com/aventstack/extentreports/view/v3html/logs-view/v3-html-testrunner-logs-view.ftl"
