03:26:23,819 DEBUG InternalLoggerFactory:47 - Using Log4J as the default logging framework
03:26:23,828 DEBUG ResourceLeakDetector:129 - -Dio.netty.leakDetection.level: simple
03:26:23,828 DEBUG ResourceLeakDetector:130 - -Dio.netty.leakDetection.targetRecords: 4
03:26:23,863 DEBUG PlatformDependent:987 - Platform: Windows
03:26:23,865 DEBUG PlatformDependent0:396 - -Dio.netty.noUnsafe: false
03:26:23,866 DEBUG PlatformDependent0:852 - Java version: 8
03:26:23,871 DEBUG PlatformDependent0:121 - sun.misc.Unsafe.theUnsafe: available
03:26:23,872 DEBUG PlatformDependent0:145 - sun.misc.Unsafe.copyMemory: available
03:26:23,872 DEBUG PlatformDependent0:183 - java.nio.Buffer.address: available
03:26:23,874 DEBUG PlatformDependent0:244 - direct buffer constructor: available
03:26:23,875 DEBUG PlatformDependent0:314 - java.nio.Bits.unaligned: available, true
03:26:23,875 DEBUG PlatformDependent0:379 - jdk.internal.misc.Unsafe.allocateUninitializedArray(int): unavailable prior to Java9
03:26:23,875 DEBUG PlatformDependent0:386 - java.nio.DirectByteBuffer.<init>(long, int): available
03:26:23,875 DEBUG PlatformDependent:1030 - sun.misc.Unsafe: available
03:26:23,876 DEBUG PlatformDependent:1149 - -Dio.netty.tmpdir: C:\Users\bvikram\AppData\Local\Temp (java.io.tmpdir)
03:26:23,876 DEBUG PlatformDependent:1228 - -Dio.netty.bitMode: 64 (sun.arch.data.model)
03:26:23,881 DEBUG PlatformDependent:174 - -Dio.netty.maxDirectMemory: 947388416 bytes
03:26:23,881 DEBUG PlatformDependent:181 - -Dio.netty.uninitializedArrayAllocationThreshold: -1
03:26:23,884 DEBUG CleanerJava6:92 - java.nio.ByteBuffer.cleaner(): available
03:26:23,884 DEBUG PlatformDependent:201 - -Dio.netty.noPreferDirect: false
03:26:23,885 DEBUG ResourceLeakDetectorFactory:195 - Loaded default ResourceLeakDetector: io.netty.util.ResourceLeakDetector@31190526
03:26:23,902 DEBUG PlatformDependent:891 - org.jctools-core.MpscChunkedArrayQueue: available
03:26:24,359 DEBUG JdkSslContext:96 - Default protocols (JDK): [TLSv1.2, TLSv1.1, TLSv1] 
03:26:24,359 DEBUG JdkSslContext:97 - Default cipher suites (JDK): [TLS_ECDHE_ECDSA_WITH_AES_256_GCM_SHA384, TLS_ECDHE_ECDSA_WITH_AES_128_GCM_SHA256, TLS_ECDHE_RSA_WITH_AES_128_GCM_SHA256, TLS_ECDHE_RSA_WITH_AES_256_GCM_SHA384, TLS_ECDHE_RSA_WITH_AES_128_CBC_SHA, TLS_ECDHE_RSA_WITH_AES_256_CBC_SHA, TLS_RSA_WITH_AES_128_GCM_SHA256, TLS_RSA_WITH_AES_128_CBC_SHA, TLS_RSA_WITH_AES_256_CBC_SHA]
03:26:24,406 DEBUG InternalThreadLocalMap:54 - -Dio.netty.threadLocalMap.stringBuilder.initialSize: 1024
03:26:24,406 DEBUG InternalThreadLocalMap:57 - -Dio.netty.threadLocalMap.stringBuilder.maxSize: 4096
03:26:24,406 DEBUG MultithreadEventLoopGroup:44 - -Dio.netty.eventLoopThreads: 4
03:26:24,421 DEBUG NioEventLoop:106 - -Dio.netty.noKeySetOptimization: false
03:26:24,421 DEBUG NioEventLoop:107 - -Dio.netty.selectorAutoRebuildThreshold: 512
03:26:24,539 DEBUG PooledByteBufAllocator:142 - -Dio.netty.allocator.numHeapArenas: 4
03:26:24,539 DEBUG PooledByteBufAllocator:143 - -Dio.netty.allocator.numDirectArenas: 4
03:26:24,539 DEBUG PooledByteBufAllocator:145 - -Dio.netty.allocator.pageSize: 8192
03:26:24,540 DEBUG PooledByteBufAllocator:150 - -Dio.netty.allocator.maxOrder: 11
03:26:24,540 DEBUG PooledByteBufAllocator:154 - -Dio.netty.allocator.chunkSize: 16777216
03:26:24,540 DEBUG PooledByteBufAllocator:155 - -Dio.netty.allocator.tinyCacheSize: 512
03:26:24,540 DEBUG PooledByteBufAllocator:156 - -Dio.netty.allocator.smallCacheSize: 256
03:26:24,540 DEBUG PooledByteBufAllocator:157 - -Dio.netty.allocator.normalCacheSize: 64
03:26:24,540 DEBUG PooledByteBufAllocator:158 - -Dio.netty.allocator.maxCachedBufferCapacity: 32768
03:26:24,540 DEBUG PooledByteBufAllocator:159 - -Dio.netty.allocator.cacheTrimInterval: 8192
03:26:24,541 DEBUG PooledByteBufAllocator:160 - -Dio.netty.allocator.cacheTrimIntervalMillis: 0
03:26:24,541 DEBUG PooledByteBufAllocator:161 - -Dio.netty.allocator.useCacheForAllThreads: true
03:26:24,541 DEBUG PooledByteBufAllocator:162 - -Dio.netty.allocator.maxCachedByteBuffersPerChunk: 1023
03:26:24,554 DEBUG ByteBufUtil:85 - -Dio.netty.allocator.type: pooled
03:26:24,556 DEBUG ByteBufUtil:94 - -Dio.netty.threadLocalDirectBufferSize: 0
03:26:24,556 DEBUG ByteBufUtil:97 - -Dio.netty.maxThreadLocalCharBufferSize: 16384
03:26:26,472 DEBUG DefaultChannelId:79 - -Dio.netty.processId: 20428 (auto-detected)
03:26:26,472 DEBUG NetUtil:139 - -Djava.net.preferIPv4Stack: false
03:26:26,472 DEBUG NetUtil:140 - -Djava.net.preferIPv6Addresses: false
03:26:26,531 DEBUG NetUtil:224 - Loopback interface: lo (Software Loopback Interface 1, 127.0.0.1)
03:26:26,531 DEBUG NetUtil:289 - Failed to get SOMAXCONN from sysctl and file \proc\sys\net\core\somaxconn. Default: 200
03:26:26,593 DEBUG DefaultChannelId:101 - -Dio.netty.machineId: 00:27:0e:ff:fe:28:ec:02 (auto-detected)
03:26:26,702 DEBUG AbstractByteBuf:62 - -Dio.netty.buffer.checkAccessible: true
03:26:26,702 DEBUG AbstractByteBuf:63 - -Dio.netty.buffer.checkBounds: true
03:26:26,702 DEBUG ResourceLeakDetectorFactory:195 - Loaded default ResourceLeakDetector: io.netty.util.ResourceLeakDetector@3649ebff
03:26:26,749 DEBUG Recycler:96 - -Dio.netty.recycler.maxCapacityPerThread: 4096
03:26:26,749 DEBUG Recycler:97 - -Dio.netty.recycler.maxSharedCapacityFactor: 2
03:26:26,749 DEBUG Recycler:98 - -Dio.netty.recycler.linkCapacity: 16
03:26:26,749 DEBUG Recycler:99 - -Dio.netty.recycler.ratio: 8
03:26:32,104 DEBUG ThreadLocalRandom:212 - -Dio.netty.initialSeedUniquifier: 0xe5032ac28a43635b
03:26:38,906  INFO devpinoyLogger:20 - username Entered
03:26:39,201  INFO devpinoyLogger:26 - password Entered
03:26:42,212  INFO devpinoyLogger:32 - login button clicked
03:26:54,483  INFO devpinoyLogger:47 - Purchases Tab Clicked
03:27:10,956 DEBUG cache:45 - Couldn't find template in cache for "v3html/v3-html-index.ftl"("en", UTF-8, parsed); will try to load it.
03:27:10,957 DEBUG cache:45 - TemplateLoader.findTemplateSource("v3html/v3-html-index_en.ftl"): Not found
03:27:10,960 DEBUG cache:45 - TemplateLoader.findTemplateSource("v3html/v3-html-index.ftl"): Found
03:27:10,960 DEBUG cache:45 - Loading template for "v3html/v3-html-index.ftl"("en", UTF-8, parsed) from "jar:file:/C:/Users/bvikram/.m2/repository/com/aventstack/extentreports/4.0.9/extentreports-4.0.9.jar!/com/aventstack/extentreports/view/v3html/v3-html-index.ftl"
03:27:11,390 DEBUG cache:45 - Couldn't find template in cache for "v3html/v3-html-head.ftl"("en", UTF-8, parsed); will try to load it.
03:27:11,390 DEBUG cache:45 - TemplateLoader.findTemplateSource("v3html/v3-html-head_en.ftl"): Not found
03:27:11,390 DEBUG cache:45 - TemplateLoader.findTemplateSource("v3html/v3-html-head.ftl"): Found
03:27:11,390 DEBUG cache:45 - Loading template for "v3html/v3-html-head.ftl"("en", UTF-8, parsed) from "jar:file:/C:/Users/bvikram/.m2/repository/com/aventstack/extentreports/4.0.9/extentreports-4.0.9.jar!/com/aventstack/extentreports/view/v3html/v3-html-head.ftl"
03:27:11,406 DEBUG cache:45 - Couldn't find template in cache for "v3html/v3-html-nav.ftl"("en", UTF-8, parsed); will try to load it.
03:27:11,406 DEBUG cache:45 - TemplateLoader.findTemplateSource("v3html/v3-html-nav_en.ftl"): Not found
03:27:11,406 DEBUG cache:45 - TemplateLoader.findTemplateSource("v3html/v3-html-nav.ftl"): Found
03:27:11,406 DEBUG cache:45 - Loading template for "v3html/v3-html-nav.ftl"("en", UTF-8, parsed) from "jar:file:/C:/Users/bvikram/.m2/repository/com/aventstack/extentreports/4.0.9/extentreports-4.0.9.jar!/com/aventstack/extentreports/view/v3html/v3-html-nav.ftl"
03:27:11,406 DEBUG cache:45 - Couldn't find template in cache for "v3html/test-view/v3-html-test-view.ftl"("en", UTF-8, parsed); will try to load it.
03:27:11,406 DEBUG cache:45 - TemplateLoader.findTemplateSource("v3html/test-view/v3-html-test-view_en.ftl"): Not found
03:27:11,406 DEBUG cache:45 - TemplateLoader.findTemplateSource("v3html/test-view/v3-html-test-view.ftl"): Found
03:27:11,406 DEBUG cache:45 - Loading template for "v3html/test-view/v3-html-test-view.ftl"("en", UTF-8, parsed) from "jar:file:/C:/Users/bvikram/.m2/repository/com/aventstack/extentreports/4.0.9/extentreports-4.0.9.jar!/com/aventstack/extentreports/view/v3html/test-view/v3-html-test-view.ftl"
03:27:11,453 DEBUG cache:45 - Couldn't find template in cache for "v3html/test-view/v3-html-test-view-charts.ftl"("en", UTF-8, parsed); will try to load it.
03:27:11,453 DEBUG cache:45 - TemplateLoader.findTemplateSource("v3html/test-view/v3-html-test-view-charts_en.ftl"): Not found
03:27:11,453 DEBUG cache:45 - TemplateLoader.findTemplateSource("v3html/test-view/v3-html-test-view-charts.ftl"): Found
03:27:11,453 DEBUG cache:45 - Loading template for "v3html/test-view/v3-html-test-view-charts.ftl"("en", UTF-8, parsed) from "jar:file:/C:/Users/bvikram/.m2/repository/com/aventstack/extentreports/4.0.9/extentreports-4.0.9.jar!/com/aventstack/extentreports/view/v3html/test-view/v3-html-test-view-charts.ftl"
03:27:11,468 DEBUG cache:45 - Couldn't find template in cache for "v3html/test-view/v3-html-standard.ftl"("en", UTF-8, parsed); will try to load it.
03:27:11,484 DEBUG cache:45 - TemplateLoader.findTemplateSource("v3html/test-view/v3-html-standard_en.ftl"): Not found
03:27:11,484 DEBUG cache:45 - TemplateLoader.findTemplateSource("v3html/test-view/v3-html-standard.ftl"): Found
03:27:11,484 DEBUG cache:45 - Loading template for "v3html/test-view/v3-html-standard.ftl"("en", UTF-8, parsed) from "jar:file:/C:/Users/bvikram/.m2/repository/com/aventstack/extentreports/4.0.9/extentreports-4.0.9.jar!/com/aventstack/extentreports/view/v3html/test-view/v3-html-standard.ftl"
03:27:11,515 DEBUG cache:45 - "v3html/test-view/v3-html-standard.ftl"("en", UTF-8, parsed) cached copy not yet stale; using cached.
03:27:11,515 DEBUG cache:45 - Couldn't find template in cache for "v3html/category-view/v3-html-category-view.ftl"("en", UTF-8, parsed); will try to load it.
03:27:11,515 DEBUG cache:45 - TemplateLoader.findTemplateSource("v3html/category-view/v3-html-category-view_en.ftl"): Not found
03:27:11,531 DEBUG cache:45 - TemplateLoader.findTemplateSource("v3html/category-view/v3-html-category-view.ftl"): Found
03:27:11,531 DEBUG cache:45 - Loading template for "v3html/category-view/v3-html-category-view.ftl"("en", UTF-8, parsed) from "jar:file:/C:/Users/bvikram/.m2/repository/com/aventstack/extentreports/4.0.9/extentreports-4.0.9.jar!/com/aventstack/extentreports/view/v3html/category-view/v3-html-category-view.ftl"
03:27:11,546 DEBUG cache:45 - Couldn't find template in cache for "v3html/exception-view/v3-html-exception-view.ftl"("en", UTF-8, parsed); will try to load it.
03:27:11,546 DEBUG cache:45 - TemplateLoader.findTemplateSource("v3html/exception-view/v3-html-exception-view_en.ftl"): Not found
03:27:11,546 DEBUG cache:45 - TemplateLoader.findTemplateSource("v3html/exception-view/v3-html-exception-view.ftl"): Found
03:27:11,546 DEBUG cache:45 - Loading template for "v3html/exception-view/v3-html-exception-view.ftl"("en", UTF-8, parsed) from "jar:file:/C:/Users/bvikram/.m2/repository/com/aventstack/extentreports/4.0.9/extentreports-4.0.9.jar!/com/aventstack/extentreports/view/v3html/exception-view/v3-html-exception-view.ftl"
03:27:11,562 DEBUG cache:45 - Couldn't find template in cache for "v3html/author-view/v3-html-author-view.ftl"("en", UTF-8, parsed); will try to load it.
03:27:11,562 DEBUG cache:45 - TemplateLoader.findTemplateSource("v3html/author-view/v3-html-author-view_en.ftl"): Not found
03:27:11,562 DEBUG cache:45 - TemplateLoader.findTemplateSource("v3html/author-view/v3-html-author-view.ftl"): Found
03:27:11,562 DEBUG cache:45 - Loading template for "v3html/author-view/v3-html-author-view.ftl"("en", UTF-8, parsed) from "jar:file:/C:/Users/bvikram/.m2/repository/com/aventstack/extentreports/4.0.9/extentreports-4.0.9.jar!/com/aventstack/extentreports/view/v3html/author-view/v3-html-author-view.ftl"
03:27:11,562 DEBUG cache:45 - Couldn't find template in cache for "v3html/dashboard-view/v3-html-dashboard-view.ftl"("en", UTF-8, parsed); will try to load it.
03:27:11,562 DEBUG cache:45 - TemplateLoader.findTemplateSource("v3html/dashboard-view/v3-html-dashboard-view_en.ftl"): Not found
03:27:11,562 DEBUG cache:45 - TemplateLoader.findTemplateSource("v3html/dashboard-view/v3-html-dashboard-view.ftl"): Found
03:27:11,562 DEBUG cache:45 - Loading template for "v3html/dashboard-view/v3-html-dashboard-view.ftl"("en", UTF-8, parsed) from "jar:file:/C:/Users/bvikram/.m2/repository/com/aventstack/extentreports/4.0.9/extentreports-4.0.9.jar!/com/aventstack/extentreports/view/v3html/dashboard-view/v3-html-dashboard-view.ftl"
03:27:11,578 DEBUG cache:45 - Couldn't find template in cache for "v3html/logs-view/v3-html-testrunner-logs-view.ftl"("en", UTF-8, parsed); will try to load it.
03:27:11,578 DEBUG cache:45 - TemplateLoader.findTemplateSource("v3html/logs-view/v3-html-testrunner-logs-view_en.ftl"): Not found
03:27:11,578 DEBUG cache:45 - TemplateLoader.findTemplateSource("v3html/logs-view/v3-html-testrunner-logs-view.ftl"): Found
03:27:11,593 DEBUG cache:45 - Loading template for "v3html/logs-view/v3-html-testrunner-logs-view.ftl"("en", UTF-8, parsed) from "jar:file:/C:/Users/bvikram/.m2/repository/com/aventstack/extentreports/4.0.9/extentreports-4.0.9.jar!/com/aventstack/extentreports/view/v3html/logs-view/v3-html-testrunner-logs-view.ftl"
